<?xml version="1.0" encoding="UTF-8"?>
<testsuite xmlns:xsi="http://www.w3.org/2001/XMLSchema-instance" xsi:noNamespaceSchemaLocation="https://maven.apache.org/surefire/maven-surefire-plugin/xsd/surefire-test-report.xsd" name="com.example.budget_bounty.model.PaymentSchedulerTest" time="0" tests="6" errors="0" skipped="0" failures="0">
  <properties>
[...]
</properties>
  <testcase name="testProcessPaymentWithNullUser" classname="com.example.budget_bounty.model.PaymentSchedulerTest" time="0"/>
  <testcase name="testRemoveBillNotInList" classname="com.example.budget_bounty.model.PaymentSchedulerTest" time="0"/>
  <testcase name="testAddBill" classname="com.example.budget_bounty.model.PaymentSchedulerTest" time="0"/>
  <testcase name="testProcessPaymentsWithOverdueBill" classname="com.example.budget_bounty.model.PaymentSchedulerTest" time="0"/>
  <testcase name="testRemoveBill" classname="com.example.budget_bounty.model.PaymentSchedulerTest" time="0"/>
  <testcase name="testAddBillThrowsExceptionForNullBill" classname="com.example.budget_bounty.model.PaymentSchedulerTest" time="0"/>
</testsuite>